Arguments: 
  /usr/local/bin/node /Users/lyhourchhen/.yarn/bin/yarn.js

PATH: 
  /Users/lyhourchhen/.yarn/bin:/Users/lyhourchhen/.config/yarn/global/node_modules/.bin:/Users/lyhourchhen/.cargo/bin:/Library/Frameworks/Python.framework/Versions/3.8/bin:/usr/local/bin:/usr/bin:/bin:/usr/sbin:/sbin:/Library/Apple/usr/bin:/Users/lyhourchhen/.sdkman/candidates/java/current/bin:/Users/lyhourchhen/.sdkman/candidates/gradle/current/bin:/Users/lyhourchhen/.yarn/bin:/Users/lyhourchhen/.config/yarn/global/node_modules/.bin:/Users/lyhourchhen/.cargo/bin:/Library/Frameworks/Python.framework/Versions/3.8/bin:/Users/lyhourchhen/Library/Android/sdk/emulator:/Users/lyhourchhen/Library/Android/sdk/tools:/Users/lyhourchhen/Library/Android/sdk/tools/bin:/Users/lyhourchhen/Library/Android/sdk/platform-tools:/Users/lyhourchhen/Library/Android/sdk/emulator:/Users/lyhourchhen/Library/Android/sdk/tools:/Users/lyhourchhen/Library/Android/sdk/tools/bin:/Users/lyhourchhen/Library/Android/sdk/platform-tools

Yarn version: 
  1.22.5

Node version: 
  15.2.0

Platform: 
  darwin x64

Trace: 
  Error: ENOENT: no such file or directory, lstat '/Users/lyhourchhen/Desktop/sura-ui/node_modules/react-scripts/node_modules/json5'

npm manifest: 
  {
    "name": "input-search-example",
    "homepage": ".",
    "version": "0.0.0",
    "private": true,
    "scripts": {
      "start": "node ../node_modules/react-scripts/bin/react-scripts.js start",
      "build": "node ../node_modules/react-script/bin/react-script.js build",
      "test": "node ../node_modules/react-script/bin/react-script.js test",
      "eject": "node ../node_modules/react-script/bin/react-script.js eject"
    },
    "dependencies": {
      "@testing-library/jest-dom": "link:../node_modules/@testing-library/jest-dom",
      "@testing-library/react": "link:../node_modules/@testing-library/react",
      "@testing-library/user-event": "link:../node_modules/@testing-library/user-event",
      "@types/jest": "link:../node_modules/@types/jest",
      "@types/node": "link:../node_modules/@types/node",
      "@types/react": "link:../node_modules/@types/react",
      "@types/react-dom": "link:../node_modules/@types/react-dom",
      "react": "link:../node_modules/react",
      "react-dom": "link:../node_modules/react-dom",
      "react-scripts": "link:../node_modules/react-scripts",
      "typescript": "link:../node_modules/typescript",
      "input-search": "link:../packages/input-search"
    },
    "devDependencies": {
      "@babel/plugin-syntax-object-rest-spread": "^7.8.3"
    },
    "eslintConfig": {
      "extends": "react-app"
    },
    "browserslist": {
      "production": [
        ">0.2%",
        "not dead",
        "not op_mini all"
      ],
      "development": [
        "last 1 chrome version",
        "last 1 firefox version",
        "last 1 safari version"
      ]
    }
  }

yarn manifest: 
  No manifest

Lockfile: 
  # THIS IS AN AUTOGENERATED FILE. DO NOT EDIT THIS FILE DIRECTLY.
  # yarn lockfile v1
  
  
  "@babel/helper-plugin-utils@^7.8.0":
    version "7.13.0"
    resolved "https://registry.yarnpkg.com/@babel/helper-plugin-utils/-/helper-plugin-utils-7.13.0.tgz#806526ce125aed03373bc416a828321e3a6a33af"
    integrity sha512-ZPafIPSwzUlAoWT8DKs1W2VyF2gOWthGd5NGFMsBcMMol+ZhK+EQY/e6V96poa6PA/Bh+C9plWN0hXO1uB8AfQ==
  
  "@babel/plugin-syntax-object-rest-spread@^7.8.3":
    version "7.8.3"
    resolved "https://registry.yarnpkg.com/@babel/plugin-syntax-object-rest-spread/-/plugin-syntax-object-rest-spread-7.8.3.tgz#60e225edcbd98a640332a2e72dd3e66f1af55871"
    integrity sha512-XoqMijGZb9y3y2XskN+P1wUGiVwWZ5JmoDRwx5+3GmEplNyVM2s2Dg8ILFQm8rWM48orGy5YpI5Bl8U1y7ydlA==
    dependencies:
      "@babel/helper-plugin-utils" "^7.8.0"
  
  "@testing-library/jest-dom@link:../node_modules/@testing-library/jest-dom":
    version "0.0.0"
    uid ""
  
  "@testing-library/react@link:../node_modules/@testing-library/react":
    version "0.0.0"
    uid ""
  
  "@testing-library/user-event@link:../node_modules/@testing-library/user-event":
    version "0.0.0"
    uid ""
  
  "@types/jest@link:../node_modules/@types/jest":
    version "0.0.0"
    uid ""
  
  "@types/node@link:../node_modules/@types/node":
    version "0.0.0"
    uid ""
  
  "@types/react-dom@link:../node_modules/@types/react-dom":
    version "0.0.0"
    uid ""
  
  "@types/react@link:../node_modules/@types/react":
    version "0.0.0"
    uid ""
  
  "input-search@link:..":
    version "0.0.0"
    uid ""
  
  "react-dom@link:../node_modules/react-dom":
    version "0.0.0"
    uid ""
  
  "react-scripts@link:../node_modules/react-scripts":
    version "0.0.0"
    uid ""
  
  "react@link:../node_modules/react":
    version "0.0.0"
    uid ""
  
  "typescript@link:../node_modules/typescript":
    version "0.0.0"
    uid ""
