0 silly argv {
0 silly argv   _: [ 'version' ],
0 silly argv   'conventional-commits': true,
0 silly argv   conventionalCommits: true,
0 silly argv   'create-release': 'github',
0 silly argv   createRelease: 'github',
0 silly argv   lernaVersion: '3.22.1',
0 silly argv   '$0': 'node_modules/.bin/lerna'
0 silly argv }
1 notice cli v3.22.1
2 verbose rootPath /home/lyhourchhen/developments/sura-ui
3 info versioning independent
4 silly isAnythingCommitted
5 verbose isAnythingCommitted 1
6 silly currentBranch
7 verbose currentBranch master
8 silly remoteBranchExists
9 silly isBehindUpstream
10 silly isBehindUpstream master is behind origin/master by 0 commit(s) and ahead by 0
11 silly hasTags
12 verbose hasTags true
13 silly git-describe.sync "@asurraa/sura-ui-modal@1.0.2-18-gbbd2642" => {"lastTagName":"@asurraa/sura-ui-modal@1.0.2","lastVersion":"1.0.2","refCount":"18","sha":"bbd2642","isDirty":false}
14 info Looking for changed packages since @asurraa/sura-ui-modal@1.0.2
15 info ignoring diff in paths matching [ 'ignored-file', '*.md' ]
16 silly checking diff packages/modal
17 silly found diff in packages/modal/package.json
17 silly found diff in packages/modal/yarn-error.log
18 verbose filtered diff [ 'packages/modal/package.json', 'packages/modal/yarn-error.log' ]
19 silly checking diff packages/table
20 silly found diff in packages/table/package.json
21 verbose filtered diff [ 'packages/table/package.json' ]
22 verbose updated @asurraa/sura-ui-modal
23 verbose updated @asurraa/sura-ui-table
24 verbose git-describe undefined => "@asurraa/sura-ui-modal@1.0.2-18-gbbd2642"
25 silly git-describe parsed => {"lastTagName":"@asurraa/sura-ui-modal@1.0.2","lastVersion":"1.0.2","refCount":"18","sha":"bbd2642","isDirty":false}
26 silly independent for @asurraa/sura-ui-modal at /home/lyhourchhen/developments/sura-ui/packages/modal
27 verbose getChangelogConfig using preset "conventional-changelog-angular"
28 silly npa Result {
28 silly npa   type: 'tag',
28 silly npa   registry: true,
28 silly npa   where: undefined,
28 silly npa   raw: 'conventional-changelog-angular',
28 silly npa   name: 'conventional-changelog-angular',
28 silly npa   escapedName: 'conventional-changelog-angular',
28 silly npa   scope: undefined,
28 silly npa   rawSpec: '',
28 silly npa   saveSpec: null,
28 silly npa   fetchSpec: 'latest',
28 silly npa   gitRange: undefined,
28 silly npa   gitCommittish: undefined,
28 silly npa   hosted: undefined
28 silly npa }
29 verbose getChangelogConfig Attempting to resolve preset "conventional-changelog-angular"
30 info getChangelogConfig Successfully resolved preset "conventional-changelog-angular"
31 verbose independent increment 1.0.3 by patch
32 silly independent for @asurraa/sura-ui-table at /home/lyhourchhen/developments/sura-ui/packages/table
33 verbose independent increment 0.0.17 by patch
34 info execute Creating releases...
35 silly lifecycle No script for "preversion" in "sura-ui", continuing
36 silly lifecycle No script for "preversion" in "@asurraa/sura-ui-modal", continuing
37 silly lifecycle No script for "preversion" in "@asurraa/sura-ui-table", continuing
38 silly lifecycle No script for "version" in "@asurraa/sura-ui-modal", continuing
39 silly independent for @asurraa/sura-ui-modal at /home/lyhourchhen/developments/sura-ui/packages/modal
40 silly lifecycle No script for "version" in "@asurraa/sura-ui-table", continuing
41 silly independent for @asurraa/sura-ui-table at /home/lyhourchhen/developments/sura-ui/packages/table
42 silly independent writing new entry: "## [1.0.4](https://github.com/asurraa/sura-ui/tree/master/packages/modal/compare/@asurraa/sura-ui-modal@1.0.2...@asurraa/sura-ui-modal@1.0.4) (2021-02-27)\n\n**Note:** Version bump only for package @asurraa/sura-ui-modal\n\n\n\n"
43 silly independent writing new entry: "## [0.0.18](https://github.com/asurraa/sura-ui/tree/master/packages/table/compare/@asurraa/sura-ui-table@0.0.16...@asurraa/sura-ui-table@0.0.18) (2021-02-27)\n\n**Note:** Version bump only for package @asurraa/sura-ui-table\n\n\n\n"
44 verbose independent wrote /home/lyhourchhen/developments/sura-ui/packages/modal/CHANGELOG.md
45 verbose independent wrote /home/lyhourchhen/developments/sura-ui/packages/table/CHANGELOG.md
46 silly lifecycle No script for "version" in "sura-ui", continuing
47 silly gitAdd [
47 silly gitAdd   'packages/modal/package.json',
47 silly gitAdd   'packages/table/package.json',
47 silly gitAdd   'packages/modal/CHANGELOG.md',
47 silly gitAdd   'packages/table/CHANGELOG.md'
47 silly gitAdd ]
48 silly gitCommit chore(release): publish
48 silly gitCommit
48 silly gitCommit  - @asurraa/sura-ui-modal@1.0.4
48 silly gitCommit  - @asurraa/sura-ui-table@0.0.18
49 verbose git [
49 verbose git   'commit',
49 verbose git   '-F',
49 verbose git   '/tmp/d0fb4901-d8a2-47c7-9bb2-a0ac92e3567f/lerna-commit.txt'
49 verbose git ]
50 silly gitTag @asurraa/sura-ui-modal@1.0.4
51 verbose git [
51 verbose git   'tag',
51 verbose git   '@asurraa/sura-ui-modal@1.0.4',
51 verbose git   '-m',
51 verbose git   '@asurraa/sura-ui-modal@1.0.4'
51 verbose git ]
52 silly gitTag @asurraa/sura-ui-table@0.0.18
53 verbose git [
53 verbose git   'tag',
53 verbose git   '@asurraa/sura-ui-table@0.0.18',
53 verbose git   '-m',
53 verbose git   '@asurraa/sura-ui-table@0.0.18'
53 verbose git ]
54 silly lifecycle No script for "postversion" in "@asurraa/sura-ui-modal", continuing
55 silly lifecycle No script for "postversion" in "@asurraa/sura-ui-table", continuing
56 silly lifecycle No script for "postversion" in "sura-ui", continuing
57 info git Pushing tags...
58 silly gitPush origin master
59 silly parseGitRepo
60 verbose git [ 'config', '--get', 'remote.origin.url' ]
61 silly createGitHubClient
62 error Error: A GH_TOKEN environment variable is required.
62 error     at createGitHubClient (/home/lyhourchhen/developments/sura-ui/node_modules/@lerna/github-client/lib/github-client.js:17:11)
62 error     at createClient (/home/lyhourchhen/developments/sura-ui/node_modules/@lerna/version/lib/create-release.js:16:14)
62 error     at createRelease (/home/lyhourchhen/developments/sura-ui/node_modules/@lerna/version/lib/create-release.js:25:18)
62 error     at /home/lyhourchhen/developments/sura-ui/node_modules/@lerna/version/index.js:282:9
62 error     at /home/lyhourchhen/developments/sura-ui/node_modules/p-waterfall/index.js:4:73
62 error     at /home/lyhourchhen/developments/sura-ui/node_modules/p-reduce/index.js:16:10
